<?xml version="1.0" encoding="UTF-8"?>
<!-- Generated by org.testng.reporters.JUnitReportReporter -->
<testsuite skipped="0" hostname="DESKTOP-9LRRM7S" name="org.run.Runner" tests="2" failures="0" timestamp="04 Aug 2022 09:20:02 GMT" time="9.618" errors="0">
  <testcase name="tc1" time="4.351" classname="org.run.Runner"/>
  <testcase name="Json" time="5.267" classname="org.run.Runner"/>
</testsuite> <!-- org.run.Runner -->
